<?xml version="1.0" encoding="UTF-8"?>
<!-- Generated by org.testng.reporters.JUnitReportReporter -->
<testsuite skipped="0" hostname="XTV-HSHOLAPUR" name="com.w2a.testcases.BankmanagerLoginTest1" tests="2" failures="0" timestamp="2020-06-01T19:12:48 IST" time="43.009" errors="0">
  <testcase name="test1" time="19.473" classname="com.w2a.testcases.BankmanagerLoginTest1"/>
  <testcase name="test1" time="23.536" classname="com.w2a.testcases.BankmanagerLoginTest1"/>
</testsuite> <!-- com.w2a.testcases.BankmanagerLoginTest1 -->
