<?xml version="1.0" encoding="UTF-8"?>
<!-- Generated by org.testng.reporters.JUnitReportReporter -->
<testsuite skipped="1" hostname="XTV-HSHOLAPUR" name="com.w2a.testcases.bankmanagerLoginTest" tests="2" failures="0" timestamp="2020-05-28T10:05:50 IST" time="10.219" errors="0">
  <testcase name="BankmanagerLoginTest" time="10.213" classname="com.w2a.testcases.bankmanagerLoginTest"/>
  <testcase name="BankmanagerLoginTest" time="0.006" classname="com.w2a.testcases.bankmanagerLoginTest">
    <skipped/>
  </testcase> <!-- BankmanagerLoginTest -->
</testsuite> <!-- com.w2a.testcases.bankmanagerLoginTest -->
