<?xml version="1.0" encoding="UTF-8"?>
<!-- Generated by org.testng.reporters.JUnitReportReporter -->
<testsuite skipped="1" hostname="XTV-HSHOLAPUR" name="com.w2a.testcases.loginwithmanager" tests="1" failures="0" timestamp="2020-05-26T19:58:28 IST" time="0.000" errors="0">
  <testcase name="bankmanagerLoginTest" time="0.000" classname="com.w2a.testcases.loginwithmanager">
    <skipped/>
  </testcase> <!-- bankmanagerLoginTest -->
</testsuite> <!-- com.w2a.testcases.loginwithmanager -->
