<?xml version="1.0" encoding="UTF-8"?>
<!-- Generated by org.testng.reporters.JUnitReportReporter -->
<testsuite skipped="1" hostname="XTV-HSHOLAPUR" name="com.w2a.testcases.login" tests="1" failures="0" timestamp="2020-05-26T16:59:56 IST" time="0.000" errors="0">
  <testcase name="login_001" time="0.000" classname="com.w2a.testcases.login">
    <skipped/>
  </testcase> <!-- login_001 -->
</testsuite> <!-- com.w2a.testcases.login -->
