<?xml version="1.0" encoding="UTF-8"?>
<!-- Generated by org.testng.reporters.JUnitReportReporter -->
<testsuite skipped="0" hostname="XTV-HSHOLAPUR" name="com.w2a.testcases.AddCustomerTest" tests="1" failures="0" timestamp="2020-05-25T21:54:22 IST" time="5.014" errors="0">
  <testcase name="addCustomerTest" time="5.014" classname="com.w2a.testcases.AddCustomerTest"/>
</testsuite> <!-- com.w2a.testcases.AddCustomerTest -->
