<?xml version="1.0" encoding="UTF-8"?>
<!-- Generated by org.testng.reporters.JUnitReportReporter -->
<testsuite skipped="0" hostname="XTV-HSHOLAPUR" name="com.w2a.testcases.bankmanagerLoginTest2" tests="1" failures="0" timestamp="2020-06-01T19:12:48 IST" time="19.802" errors="0">
  <testcase name="test2" time="19.802" classname="com.w2a.testcases.bankmanagerLoginTest2"/>
</testsuite> <!-- com.w2a.testcases.bankmanagerLoginTest2 -->
